[05:33:28] [ServerMain/INFO]: Environment: Environment[sessionHost=https://sessionserver.mojang.com, servicesHost=https://api.minecraftservices.com, profilesHost=https://api.mojang.com, name=PROD]
[05:33:29] [ServerMain/INFO]: No existing world data, creating new world
[05:33:29] [ServerMain/INFO]: Loaded 1470 recipes
[05:33:29] [ServerMain/INFO]: Loaded 1584 advancements
[05:33:29] [Server thread/INFO]: Starting minecraft server version 1.21.11
[05:33:29] [Server thread/INFO]: Loading properties
[05:33:29] [Server thread/INFO]: Default game type: SURVIVAL
[05:33:29] [Server thread/INFO]: Generating keypair
[05:33:30] [Server thread/INFO]: Starting Minecraft server on *:25565
[05:33:30] [Server thread/WARN]: **** SERVER IS RUNNING IN OFFLINE/INSECURE MODE!
[05:33:30] [Server thread/WARN]: The server will make no attempt to authenticate usernames. Beware.
[05:33:30] [Server thread/WARN]: While this makes the game possible to play without internet access, it also opens up the ability for hackers to connect with any username they choose.
[05:33:30] [Server thread/WARN]: To change this, set "online-mode" to "true" in the server.properties file.
[05:33:30] [Server thread/INFO]: Preparing level "world"
[05:33:30] [Server thread/INFO]: Selecting global world spawn...
[05:33:35] [Server thread/INFO]: Loading 0 persistent chunks...
[05:33:35] [Server thread/INFO]: Preparing spawn area: 100%
[05:33:35] [Server thread/INFO]: Time elapsed: 5198 ms
[05:33:35] [Server thread/INFO]: Done (5.500s)! For help, type "help"
[05:33:35] [Server thread/INFO]: Unknown or incomplete command. See below for error
[05:33:35] [Server thread/INFO]: home/codespace/.python/current/bin/python "/workspaces/vanillaperu/msx (1).py"<--[HERE]
[05:33:56] [Server thread/INFO]: ShirouFRG[/127.119.168.145:49969] logged in with entity id 17 at (-5.5, 57.0, 7.5)
[05:33:56] [Server thread/INFO]: ShirouFRG joined the game
[05:34:01] [Server thread/INFO]: ShirouFRG lost connection: Disconnected
[05:34:01] [Server thread/INFO]: ShirouFRG left the game
[05:34:23] [Server thread/INFO]: ShirouFRG[/127.119.168.145:37373] logged in with entity id 195 at (-6.784810071401105, 59.0, 6.689533833572008)
[05:34:23] [Server thread/INFO]: ShirouFRG joined the game
[05:40:26] [Server thread/INFO]: ShirouFRG lost connection: Disconnected
[05:40:26] [Server thread/INFO]: ShirouFRG left the game
[05:41:26] [Server thread/INFO]: Server empty for 60 seconds, pausing
